<?xml version="1.0" encoding="UTF-8"?>
<testsuite name="lang.TestNameAnalysis" tests="9" skipped="0" failures="0" errors="0" timestamp="2021-09-20T09:48:44" hostname="LAPTOP-4TE2LN4I" time="0.163">
  <properties/>
  <testcase name="runTest[ok1.in]" classname="lang.TestNameAnalysis" time="0.025"/>
  <testcase name="runTest[ok2.in]" classname="lang.TestNameAnalysis" time="0.011"/>
  <testcase name="runTest[ok3.in]" classname="lang.TestNameAnalysis" time="0.012"/>
  <testcase name="runTest[redeclared1.in]" classname="lang.TestNameAnalysis" time="0.02"/>
  <testcase name="runTest[redeclared2.in]" classname="lang.TestNameAnalysis" time="0.013"/>
  <testcase name="runTest[undeclared1.in]" classname="lang.TestNameAnalysis" time="0.019"/>
  <testcase name="runTest[undeclared2.in]" classname="lang.TestNameAnalysis" time="0.02"/>
  <testcase name="runTest[undeclared3.in]" classname="lang.TestNameAnalysis" time="0.021"/>
  <testcase name="runTest[undeclared4.in]" classname="lang.TestNameAnalysis" time="0.02"/>
  <system-out><![CDATA[]]></system-out>
  <system-err><![CDATA[]]></system-err>
</testsuite>
