<?xml version="1.0" encoding="UTF-8"?>
<testsuite name="lang.TestFunctionCalls" tests="1" skipped="0" failures="0" errors="0" timestamp="2021-10-17T14:48:47" hostname="LAPTOP-4TE2LN4I" time="0.064">
  <properties/>
  <testcase name="runTest[facTest.in]" classname="lang.TestFunctionCalls" time="0.064"/>
  <system-out><![CDATA[]]></system-out>
  <system-err><![CDATA[]]></system-err>
</testsuite>
