<?xml version="1.0" encoding="UTF-8"?>
<testsuite name="lang.TestMinValue" tests="4" skipped="0" failures="0" errors="0" timestamp="2021-09-22T11:32:20" hostname="LAPTOP-4TE2LN4I" time="0.074">
  <properties/>
  <testcase name="nbrOfMinValues" classname="lang.TestMinValue" time="0.073"/>
  <testcase name="globalMin" classname="lang.TestMinValue" time="0.0"/>
  <testcase name="localMin" classname="lang.TestMinValue" time="0.001"/>
  <testcase name="isMinValue" classname="lang.TestMinValue" time="0.0"/>
  <system-out><![CDATA[]]></system-out>
  <system-err><![CDATA[]]></system-err>
</testsuite>
